#
# There is insufficient memory for the Java Runtime Environment to continue.
# Native memory allocation (malloc) failed to allocate 277392 bytes for Chunk::new
# Possible reasons:
#   The system is out of physical RAM or swap space
#   The process is running with CompressedOops enabled, and the Java Heap may be blocking the growth of the native heap
# Possible solutions:
#   Reduce memory load on the system
#   Increase physical memory or swap space
#   Check if swap backing store is full
#   Decrease Java heap size (-Xmx/-Xms)
#   Decrease number of Java threads
#   Decrease Java thread stack sizes (-Xss)
#   Set larger code cache with -XX:ReservedCodeCacheSize=
#   JVM is running with Unscaled Compressed Oops mode in which the Java heap is
#     placed in the first 4GB address space. The Java Heap base address is the
#     maximum limit for the native heap growth. Please use -XX:HeapBaseMinAddress
#     to set the Java Heap base and to place the Java Heap above 4GB virtual address.
# This output file may be truncated or incomplete.
#
#  Out of Memory Error (arena.cpp:184), pid=8764, tid=7080
#
# JRE version: Java(TM) SE Runtime Environment (19.0.1+10) (build 19.0.1+10-21)
# Java VM: Java HotSpot(TM) 64-Bit Server VM (19.0.1+10-21, mixed mode, sharing, tiered, compressed oops, compressed class ptrs, g1 gc, windows-amd64)
# No core dump will be written. Minidumps are not enabled by default on client versions of Windows
#

---------------  S U M M A R Y ------------

Command Line: -javaagent:C:\Program Files\JetBrains\IntelliJ IDEA Community Edition 2023.3.4\lib\idea_rt.jar=53300:C:\Program Files\JetBrains\IntelliJ IDEA Community Edition 2023.3.4\bin -Dfile.encoding=UTF-8 -Dsun.stdout.encoding=UTF-8 -Dsun.stderr.encoding=UTF-8 com.foodorder.FoodOrderApplication

Host: 11th Gen Intel(R) Core(TM) i7-11800H @ 2.30GHz, 16 cores, 7G,  Windows 11 , 64 bit Build 22621 (10.0.22621.3374)
Time: Fri May 10 14:44:05 2024 SE Asia Standard Time elapsed time: 63.530046 seconds (0d 0h 1m 3s)

---------------  T H R E A D  ---------------

Current thread (0x00000236765af100):  JavaThread "C2 CompilerThread0" daemon [_thread_in_native, id=7080, stack(0x000000d623900000,0x000000d623a00000)]


Current CompileTask:
C2:  63530 14815       4       io.jsonwebtoken.impl.JwtMap::put (27 bytes)

Stack: [0x000000d623900000,0x000000d623a00000]
Native frames: (J=compiled Java code, j=interpreted, Vv=VM code, C=native code)
V  [jvm.dll+0x6ee8fa]
V  [jvm.dll+0x857a1e]
V  [jvm.dll+0x85940e]
V  [jvm.dll+0x859ac3]
V  [jvm.dll+0x28291f]
V  [jvm.dll+0xc9b5f]
V  [jvm.dll+0xc9ee5]
V  [jvm.dll+0x3bcbac]
V  [jvm.dll+0x386201]
V  [jvm.dll+0x38567a]
V  [jvm.dll+0x24c2c9]
V  [jvm.dll+0x24b671]
V  [jvm.dll+0x1d6d61]
V  [jvm.dll+0x25b0fa]
V  [jvm.dll+0x259588]
V  [jvm.dll+0x807928]
V  [jvm.dll+0x8015fa]
V  [jvm.dll+0x6ed5eb]
C  [ucrtbase.dll+0x29333]
C  [KERNEL32.DLL+0x1257d]
C  [ntdll.dll+0x5aa48]


---------------  P R O C E S S  ---------------

Threads class SMR info:
_java_thread_list=0x000002367bb31bd0, length=32, elements={
0x00000236765a1cd0, 0x00000236765a2bb0, 0x00000236765a7e10, 0x00000236765a9a40,
0x00000236765aa660, 0x00000236765ad090, 0x00000236765af100, 0x00000236765afa70,
0x00000236765c43e0, 0x000002367a8dcab0, 0x000002367ab58fa0, 0x000002367abf32c0,
0x000002367d2f3ae0, 0x000002367d2f5ac0, 0x000002367d2f4580, 0x000002367d2f2af0,
0x000002367d2f3040, 0x000002367d2f4ad0, 0x000002367d2f3590, 0x000002367d2f4030,
0x000002367d2f5570, 0x000002367d2f6010, 0x0000023600250cc0, 0x0000023600253c90,
0x0000023600251cb0, 0x00000236002531f0, 0x0000023600253740, 0x0000023600252ca0,
0x00000236002541e0, 0x0000023600254730, 0x0000023600251210, 0x00000236002561c0
}

Java Threads: ( => current thread )
  0x00000236765a1cd0 JavaThread "Reference Handler" daemon [_thread_blocked, id=13676, stack(0x000000d623300000,0x000000d623400000)]
  0x00000236765a2bb0 JavaThread "Finalizer" daemon [_thread_blocked, id=18300, stack(0x000000d623400000,0x000000d623500000)]
  0x00000236765a7e10 JavaThread "Signal Dispatcher" daemon [_thread_blocked, id=22228, stack(0x000000d623500000,0x000000d623600000)]
  0x00000236765a9a40 JavaThread "Attach Listener" daemon [_thread_blocked, id=19960, stack(0x000000d623600000,0x000000d623700000)]
  0x00000236765aa660 JavaThread "Service Thread" daemon [_thread_blocked, id=13548, stack(0x000000d623700000,0x000000d623800000)]
  0x00000236765ad090 JavaThread "Monitor Deflation Thread" daemon [_thread_blocked, id=17232, stack(0x000000d623800000,0x000000d623900000)]
=>0x00000236765af100 JavaThread "C2 CompilerThread0" daemon [_thread_in_native, id=7080, stack(0x000000d623900000,0x000000d623a00000)]
  0x00000236765afa70 JavaThread "C1 CompilerThread0" daemon [_thread_blocked, id=13976, stack(0x000000d623a00000,0x000000d623b00000)]
  0x00000236765c43e0 JavaThread "Sweeper thread" daemon [_thread_blocked, id=17456, stack(0x000000d623b00000,0x000000d623c00000)]
  0x000002367a8dcab0 JavaThread "Common-Cleaner" daemon [_thread_blocked, id=12908, stack(0x000000d623c00000,0x000000d623d00000)]
  0x000002367ab58fa0 JavaThread "Monitor Ctrl-Break" daemon [_thread_in_native, id=22516, stack(0x000000d623d00000,0x000000d623e00000)]
  0x000002367abf32c0 JavaThread "Notification Thread" daemon [_thread_blocked, id=16296, stack(0x000000d623e00000,0x000000d623f00000)]
  0x000002367d2f3ae0 JavaThread "Catalina-utility-1" [_thread_blocked, id=13872, stack(0x000000d625200000,0x000000d625300000)]
  0x000002367d2f5ac0 JavaThread "Catalina-utility-2" [_thread_blocked, id=17164, stack(0x000000d625300000,0x000000d625400000)]
  0x000002367d2f4580 JavaThread "container-0" [_thread_blocked, id=16648, stack(0x000000d625400000,0x000000d625500000)]
  0x000002367d2f2af0 JavaThread "mysql-cj-abandoned-connection-cleanup" daemon [_thread_blocked, id=2600, stack(0x000000d625500000,0x000000d625600000)]
  0x000002367d2f3040 JavaThread "HikariPool-1 housekeeper" daemon [_thread_blocked, id=6192, stack(0x000000d625100000,0x000000d625200000)]
  0x000002367d2f4ad0 JavaThread "File Watcher" daemon [_thread_blocked, id=14436, stack(0x000000d625600000,0x000000d625700000)]
  0x000002367d2f3590 JavaThread "Live Reload Server" daemon [_thread_in_native, id=3492, stack(0x000000d625c00000,0x000000d625d00000)]
  0x000002367d2f4030 JavaThread "http-nio-5454-exec-1" daemon [_thread_blocked, id=14892, stack(0x000000d625b00000,0x000000d625c00000)]
  0x000002367d2f5570 JavaThread "http-nio-5454-exec-2" daemon [_thread_blocked, id=21472, stack(0x000000d625d00000,0x000000d625e00000)]
  0x000002367d2f6010 JavaThread "http-nio-5454-exec-3" daemon [_thread_blocked, id=15520, stack(0x000000d625e00000,0x000000d625f00000)]
  0x0000023600250cc0 JavaThread "http-nio-5454-exec-4" daemon [_thread_blocked, id=1868, stack(0x000000d625f00000,0x000000d626000000)]
  0x0000023600253c90 JavaThread "http-nio-5454-exec-5" daemon [_thread_blocked, id=9068, stack(0x000000d626000000,0x000000d626100000)]
  0x0000023600251cb0 JavaThread "http-nio-5454-exec-6" daemon [_thread_blocked, id=18384, stack(0x000000d626100000,0x000000d626200000)]
  0x00000236002531f0 JavaThread "http-nio-5454-exec-7" daemon [_thread_blocked, id=14648, stack(0x000000d626200000,0x000000d626300000)]
  0x0000023600253740 JavaThread "http-nio-5454-exec-8" daemon [_thread_blocked, id=16936, stack(0x000000d626300000,0x000000d626400000)]
  0x0000023600252ca0 JavaThread "http-nio-5454-exec-9" daemon [_thread_blocked, id=12492, stack(0x000000d626400000,0x000000d626500000)]
  0x00000236002541e0 JavaThread "http-nio-5454-exec-10" daemon [_thread_blocked, id=2140, stack(0x000000d626500000,0x000000d626600000)]
  0x0000023600254730 JavaThread "http-nio-5454-Poller" daemon [_thread_in_native, id=18248, stack(0x000000d626600000,0x000000d626700000)]
  0x0000023600251210 JavaThread "http-nio-5454-Acceptor" daemon [_thread_in_native, id=12676, stack(0x000000d626700000,0x000000d626800000)]
  0x00000236002561c0 JavaThread "DestroyJavaVM" [_thread_blocked, id=7216, stack(0x000000d622c00000,0x000000d622d00000)]

Other Threads:
  0x0000023676584d70 VMThread "VM Thread" [stack: 0x000000d623200000,0x000000d623300000] [id=21664]
  0x000002367ab97bd0 WatcherThread "VM Periodic Task Thread" [stack: 0x000000d623f00000,0x000000d624000000] [id=15848]
  0x000002365739ea30 WorkerThread "GC Thread#0" [stack: 0x000000d622d00000,0x000000d622e00000] [id=11576]
  0x000002367ab7a3b0 WorkerThread "GC Thread#1" [stack: 0x000000d624200000,0x000000d624300000] [id=20320]
  0x000002367ab7b490 WorkerThread "GC Thread#2" [stack: 0x000000d624300000,0x000000d624400000] [id=10132]
  0x000002367ab7aef0 WorkerThread "GC Thread#3" [stack: 0x000000d624400000,0x000000d624500000] [id=17152]
  0x000002367ab7a950 WorkerThread "GC Thread#4" [stack: 0x000000d624500000,0x000000d624600000] [id=22132]
  0x000002367ab7ac20 WorkerThread "GC Thread#5" [stack: 0x000000d624600000,0x000000d624700000] [id=3684]
  0x000002367ab79e10 WorkerThread "GC Thread#6" [stack: 0x000000d624800000,0x000000d624900000] [id=22232]
  0x000002367b8a1e40 WorkerThread "GC Thread#7" [stack: 0x000000d624900000,0x000000d624a00000] [id=18704]
  0x000002367b8a18a0 WorkerThread "GC Thread#8" [stack: 0x000000d624a00000,0x000000d624b00000] [id=17600]
  0x000002367b8a3d30 WorkerThread "GC Thread#9" [stack: 0x000000d624b00000,0x000000d624c00000] [id=15144]
  0x000002367b8a1030 WorkerThread "GC Thread#10" [stack: 0x000000d624c00000,0x000000d624d00000] [id=21256]
  0x000002367b8a26b0 WorkerThread "GC Thread#11" [stack: 0x000000d624d00000,0x000000d624e00000] [id=15092]
  0x000002367b8a3790 WorkerThread "GC Thread#12" [stack: 0x000000d624e00000,0x000000d624f00000] [id=8824]
  0x00000236573af3f0 ConcurrentGCThread "G1 Main Marker" [stack: 0x000000d622e00000,0x000000d622f00000] [id=7704]
  0x00000236573affd0 WorkerThread "G1 Conc#0" [stack: 0x000000d622f00000,0x000000d623000000] [id=3460]
  0x000002367b8a1b70 WorkerThread "G1 Conc#1" [stack: 0x000000d624700000,0x000000d624800000] [id=3048]
  0x000002367b8a4000 WorkerThread "G1 Conc#2" [stack: 0x000000d624f00000,0x000000d625000000] [id=7152]
  0x000002367643e0f0 ConcurrentGCThread "G1 Refine#0" [stack: 0x000000d623000000,0x000000d623100000] [id=4616]
  0x000002367643ec30 ConcurrentGCThread "G1 Service" [stack: 0x000000d623100000,0x000000d623200000] [id=12508]

Threads with active compile tasks:
C2 CompilerThread0    63569 14815       4       io.jsonwebtoken.impl.JwtMap::put (27 bytes)

VM state: not at safepoint (normal execution)

VM Mutex/Monitor currently owned by a thread: None

Heap address: 0x0000000083a00000, size: 1990 MB, Compressed Oops mode: 32-bit

CDS archive(s) mapped at: [0x0000000800000000-0x0000000800c40000-0x0000000800c40000), size 12845056, SharedBaseAddress: 0x0000000800000000, ArchiveRelocationMode: 0.
Compressed class space mapped at: 0x0000000801000000-0x0000000841000000, reserved size: 1073741824
Narrow klass base: 0x0000000800000000, Narrow klass shift: 0, Narrow klass range: 0x100000000

GC Precious Log:
 CardTable entry size: 512
 Card Set container configuration: InlinePtr #cards 5 size 8 Array Of Cards #cards 12 size 40 Howl #buckets 4 coarsen threshold 1843 Howl Bitmap #cards 512 size 80 coarsen threshold 460 Card regions per heap region 1 cards per card region 2048
 CPUs: 16 total, 16 available
 Memory: 7955M
 Large Page Support: Disabled
 NUMA Support: Disabled
 Compressed Oops: Enabled (32-bit)
 Heap Region Size: 1M
 Heap Min Capacity: 8M
 Heap Initial Capacity: 126M
 Heap Max Capacity: 1990M
 Pre-touch: Disabled
 Parallel Workers: 13
 Concurrent Workers: 3
 Concurrent Refinement Workers: 13
 Periodic GC: Disabled

Heap:
 garbage-first heap   total 132096K, used 42677K [0x0000000083a00000, 0x0000000100000000)
  region size 1024K, 8 young (8192K), 2 survivors (2048K)
 Metaspace       used 84881K, committed 85632K, reserved 1179648K
  class space    used 10676K, committed 11008K, reserved 1048576K

Heap Regions: E=young(eden), S=young(survivor), O=old, HS=humongous(starts), HC=humongous(continues), CS=collection set, F=free, OA=open archive, CA=closed archive, TAMS=top-at-mark-start (previous, next)
|   0|0x0000000083a00000, 0x0000000083b00000, 0x0000000083b00000|100%|HS|  |TAMS 0x0000000083b00000, 0x0000000083a00000| Complete 
|   1|0x0000000083b00000, 0x0000000083c00000, 0x0000000083c00000|100%| O|  |TAMS 0x0000000083c00000, 0x0000000083b00000| Untracked 
|   2|0x0000000083c00000, 0x0000000083d00000, 0x0000000083d00000|100%| O|  |TAMS 0x0000000083d00000, 0x0000000083c00000| Untracked 
|   3|0x0000000083d00000, 0x0000000083e00000, 0x0000000083e00000|100%| O|  |TAMS 0x0000000083e00000, 0x0000000083d00000| Untracked 
|   4|0x0000000083e00000, 0x0000000083f00000, 0x0000000083f00000|100%| O|  |TAMS 0x0000000083f00000, 0x0000000083e00000| Untracked 
|   5|0x0000000083f00000, 0x0000000084000000, 0x0000000084000000|100%| O|  |TAMS 0x0000000084000000, 0x0000000083f00000| Untracked 
|   6|0x0000000084000000, 0x0000000084100000, 0x0000000084100000|100%| O|  |TAMS 0x0000000084100000, 0x0000000084000000| Untracked 
|   7|0x0000000084100000, 0x0000000084200000, 0x0000000084200000|100%| O|  |TAMS 0x0000000084200000, 0x0000000084100000| Untracked 
|   8|0x0000000084200000, 0x0000000084300000, 0x0000000084300000|100%| O|  |TAMS 0x0000000084300000, 0x0000000084200000| Untracked 
|   9|0x0000000084300000, 0x0000000084400000, 0x0000000084400000|100%| O|  |TAMS 0x0000000084400000, 0x0000000084300000| Untracked 
|  10|0x0000000084400000, 0x0000000084500000, 0x0000000084500000|100%| O|  |TAMS 0x0000000084500000, 0x0000000084400000| Untracked 
|  11|0x0000000084500000, 0x0000000084600000, 0x0000000084600000|100%| O|  |TAMS 0x0000000084600000, 0x0000000084500000| Untracked 
|  12|0x0000000084600000, 0x0000000084700000, 0x0000000084700000|100%| O|  |TAMS 0x0000000084700000, 0x0000000084600000| Untracked 
|  13|0x0000000084700000, 0x0000000084800000, 0x0000000084800000|100%| O|  |TAMS 0x0000000084800000, 0x0000000084700000| Untracked 
|  14|0x0000000084800000, 0x0000000084900000, 0x0000000084900000|100%| O|  |TAMS 0x0000000084900000, 0x0000000084800000| Untracked 
|  15|0x0000000084900000, 0x0000000084a00000, 0x0000000084a00000|100%| O|  |TAMS 0x0000000084a00000, 0x0000000084900000| Untracked 
|  16|0x0000000084a00000, 0x0000000084b00000, 0x0000000084b00000|100%| O|  |TAMS 0x0000000084a00000, 0x0000000084a00000| Untracked 
|  17|0x0000000084b00000, 0x0000000084c00000, 0x0000000084c00000|100%| O|  |TAMS 0x0000000084b00000, 0x0000000084b00000| Untracked 
|  18|0x0000000084c00000, 0x0000000084d00000, 0x0000000084d00000|100%| O|  |TAMS 0x0000000084d00000, 0x0000000084c00000| Untracked 
|  19|0x0000000084d00000, 0x0000000084e00000, 0x0000000084e00000|100%| O|  |TAMS 0x0000000084e00000, 0x0000000084d00000| Untracked 
|  20|0x0000000084e00000, 0x0000000084f00000, 0x0000000084f00000|100%| O|  |TAMS 0x0000000084f00000, 0x0000000084e00000| Untracked 
|  21|0x0000000084f00000, 0x0000000085000000, 0x0000000085000000|100%| O|  |TAMS 0x0000000085000000, 0x0000000084f00000| Untracked 
|  22|0x0000000085000000, 0x0000000085100000, 0x0000000085100000|100%| O|  |TAMS 0x000000008505b400, 0x0000000085000000| Untracked 
|  23|0x0000000085100000, 0x0000000085200000, 0x0000000085200000|100%| O|  |TAMS 0x0000000085100000, 0x0000000085100000| Untracked 
|  24|0x0000000085200000, 0x0000000085300000, 0x0000000085300000|100%| O|  |TAMS 0x0000000085200000, 0x0000000085200000| Untracked 
|  25|0x0000000085300000, 0x0000000085400000, 0x0000000085400000|100%| O|  |TAMS 0x0000000085300000, 0x0000000085300000| Untracked 
|  26|0x0000000085400000, 0x0000000085500000, 0x0000000085500000|100%| O|  |TAMS 0x0000000085400000, 0x0000000085400000| Untracked 
|  27|0x0000000085500000, 0x0000000085600000, 0x0000000085600000|100%| O|  |TAMS 0x0000000085500000, 0x0000000085500000| Untracked 
|  28|0x0000000085600000, 0x0000000085700000, 0x0000000085700000|100%| O|  |TAMS 0x0000000085600000, 0x0000000085600000| Untracked 
|  29|0x0000000085700000, 0x0000000085800000, 0x0000000085800000|100%| O|  |TAMS 0x0000000085700000, 0x0000000085700000| Untracked 
|  30|0x0000000085800000, 0x0000000085900000, 0x0000000085900000|100%| O|  |TAMS 0x0000000085800000, 0x0000000085800000| Untracked 
|  31|0x0000000085900000, 0x0000000085a00000, 0x0000000085a00000|100%| O|  |TAMS 0x0000000085900000, 0x0000000085900000| Untracked 
|  32|0x0000000085a00000, 0x0000000085b00000, 0x0000000085b00000|100%| O|  |TAMS 0x0000000085a00000, 0x0000000085a00000| Untracked 
|  33|0x0000000085b00000, 0x0000000085c00000, 0x0000000085c00000|100%| O|  |TAMS 0x0000000085b00000, 0x0000000085b00000| Untracked 
|  34|0x0000000085c00000, 0x0000000085d00000, 0x0000000085d00000|100%| O|  |TAMS 0x0000000085c00000, 0x0000000085c00000| Untracked 
|  35|0x0000000085d00000, 0x0000000085d3bc00, 0x0000000085e00000| 23%| O|  |TAMS 0x0000000085d00000, 0x0000000085d00000| Untracked 
|  36|0x0000000085e00000, 0x0000000085e00000, 0x0000000085f00000|  0%| F|  |TAMS 0x0000000085e00000, 0x0000000085e00000| Untracked 
|  37|0x0000000085f00000, 0x0000000085f00000, 0x0000000086000000|  0%| F|  |TAMS 0x0000000085f00000, 0x0000000085f00000| Untracked 
|  38|0x0000000086000000, 0x0000000086000000, 0x0000000086100000|  0%| F|  |TAMS 0x0000000086000000, 0x0000000086000000| Untracked 
|  39|0x0000000086100000, 0x0000000086100000, 0x0000000086200000|  0%| F|  |TAMS 0x0000000086100000, 0x0000000086100000| Untracked 
|  40|0x0000000086200000, 0x0000000086200000, 0x0000000086300000|  0%| F|  |TAMS 0x0000000086200000, 0x0000000086200000| Untracked 
|  41|0x0000000086300000, 0x0000000086300000, 0x0000000086400000|  0%| F|  |TAMS 0x0000000086300000, 0x0000000086300000| Untracked 
|  42|0x0000000086400000, 0x0000000086400000, 0x0000000086500000|  0%| F|  |TAMS 0x0000000086400000, 0x0000000086400000| Untracked 
|  43|0x0000000086500000, 0x0000000086500000, 0x0000000086600000|  0%| F|  |TAMS 0x0000000086500000, 0x0000000086500000| Untracked 
|  44|0x0000000086600000, 0x0000000086600000, 0x0000000086700000|  0%| F|  |TAMS 0x0000000086600000, 0x0000000086600000| Untracked 
|  45|0x0000000086700000, 0x0000000086700000, 0x0000000086800000|  0%| F|  |TAMS 0x0000000086700000, 0x0000000086700000| Untracked 
|  46|0x0000000086800000, 0x0000000086800000, 0x0000000086900000|  0%| F|  |TAMS 0x0000000086800000, 0x0000000086800000| Untracked 
|  47|0x0000000086900000, 0x0000000086900000, 0x0000000086a00000|  0%| F|  |TAMS 0x0000000086900000, 0x0000000086900000| Untracked 
|  48|0x0000000086a00000, 0x0000000086a00000, 0x0000000086b00000|  0%| F|  |TAMS 0x0000000086a00000, 0x0000000086a00000| Untracked 
|  49|0x0000000086b00000, 0x0000000086b00000, 0x0000000086c00000|  0%| F|  |TAMS 0x0000000086b00000, 0x0000000086b00000| Untracked 
|  50|0x0000000086c00000, 0x0000000086c00000, 0x0000000086d00000|  0%| F|  |TAMS 0x0000000086c00000, 0x0000000086c00000| Untracked 
|  51|0x0000000086d00000, 0x0000000086d00000, 0x0000000086e00000|  0%| F|  |TAMS 0x0000000086d00000, 0x0000000086d00000| Untracked 
|  52|0x0000000086e00000, 0x0000000086e718b8, 0x0000000086f00000| 44%| S|CS|TAMS 0x0000000086e00000, 0x0000000086e00000| Complete 
|  53|0x0000000086f00000, 0x0000000086f00000, 0x0000000087000000|  0%| F|  |TAMS 0x0000000086f00000, 0x0000000086f00000| Untracked 
|  54|0x0000000087000000, 0x0000000087100000, 0x0000000087100000|100%| S|CS|TAMS 0x0000000087000000, 0x0000000087000000| Complete 
|  55|0x0000000087100000, 0x0000000087100000, 0x0000000087200000|  0%| F|  |TAMS 0x0000000087100000, 0x0000000087100000| Untracked 
|  56|0x0000000087200000, 0x0000000087200000, 0x0000000087300000|  0%| F|  |TAMS 0x0000000087200000, 0x0000000087200000| Untracked 
|  57|0x0000000087300000, 0x0000000087300000, 0x0000000087400000|  0%| F|  |TAMS 0x0000000087300000, 0x0000000087300000| Untracked 
|  58|0x0000000087400000, 0x0000000087400000, 0x0000000087500000|  0%| F|  |TAMS 0x0000000087400000, 0x0000000087400000| Untracked 
|  59|0x0000000087500000, 0x0000000087500000, 0x0000000087600000|  0%| F|  |TAMS 0x0000000087500000, 0x0000000087500000| Untracked 
|  60|0x0000000087600000, 0x0000000087600000, 0x0000000087700000|  0%| F|  |TAMS 0x0000000087600000, 0x0000000087600000| Untracked 
|  61|0x0000000087700000, 0x0000000087700000, 0x0000000087800000|  0%| F|  |TAMS 0x0000000087700000, 0x0000000087700000| Untracked 
|  62|0x0000000087800000, 0x0000000087800000, 0x0000000087900000|  0%| F|  |TAMS 0x0000000087800000, 0x0000000087800000| Untracked 
|  63|0x0000000087900000, 0x0000000087900000, 0x0000000087a00000|  0%| F|  |TAMS 0x0000000087900000, 0x0000000087900000| Untracked 
|  64|0x0000000087a00000, 0x0000000087a00000, 0x0000000087b00000|  0%| F|  |TAMS 0x0000000087a00000, 0x0000000087a00000| Untracked 
|  65|0x0000000087b00000, 0x0000000087b00000, 0x0000000087c00000|  0%| F|  |TAMS 0x0000000087b00000, 0x0000000087b00000| Untracked 
|  66|0x0000000087c00000, 0x0000000087c00000, 0x0000000087d00000|  0%| F|  |TAMS 0x0000000087c00000, 0x0000000087c00000| Untracked 
|  67|0x0000000087d00000, 0x0000000087d00000, 0x0000000087e00000|  0%| F|  |TAMS 0x0000000087d00000, 0x0000000087d00000| Untracked 
|  68|0x0000000087e00000, 0x0000000087e00000, 0x0000000087f00000|  0%| F|  |TAMS 0x0000000087e00000, 0x0000000087e00000| Untracked 
|  69|0x0000000087f00000, 0x0000000087f00000, 0x0000000088000000|  0%| F|  |TAMS 0x0000000087f00000, 0x0000000087f00000| Untracked 
|  70|0x0000000088000000, 0x0000000088000000, 0x0000000088100000|  0%| F|  |TAMS 0x0000000088000000, 0x0000000088000000| Untracked 
|  71|0x0000000088100000, 0x0000000088100000, 0x0000000088200000|  0%| F|  |TAMS 0x0000000088100000, 0x0000000088100000| Untracked 
|  72|0x0000000088200000, 0x0000000088200000, 0x0000000088300000|  0%| F|  |TAMS 0x0000000088200000, 0x0000000088200000| Untracked 
|  73|0x0000000088300000, 0x0000000088300000, 0x0000000088400000|  0%| F|  |TAMS 0x0000000088300000, 0x0000000088300000| Untracked 
|  74|0x0000000088400000, 0x0000000088400000, 0x0000000088500000|  0%| F|  |TAMS 0x0000000088400000, 0x0000000088400000| Untracked 
|  75|0x0000000088500000, 0x0000000088500000, 0x0000000088600000|  0%| F|  |TAMS 0x0000000088500000, 0x0000000088500000| Untracked 
|  76|0x0000000088600000, 0x0000000088600000, 0x0000000088700000|  0%| F|  |TAMS 0x0000000088600000, 0x0000000088600000| Untracked 
|  77|0x0000000088700000, 0x0000000088700000, 0x0000000088800000|  0%| F|  |TAMS 0x0000000088700000, 0x0000000088700000| Untracked 
|  78|0x0000000088800000, 0x0000000088800000, 0x0000000088900000|  0%| F|  |TAMS 0x0000000088800000, 0x0000000088800000| Untracked 
|  79|0x0000000088900000, 0x0000000088900000, 0x0000000088a00000|  0%| F|  |TAMS 0x0000000088900000, 0x0000000088900000| Untracked 
|  80|0x0000000088a00000, 0x0000000088a00000, 0x0000000088b00000|  0%| F|  |TAMS 0x0000000088a00000, 0x0000000088a00000| Untracked 
|  81|0x0000000088b00000, 0x0000000088b00000, 0x0000000088c00000|  0%| F|  |TAMS 0x0000000088b00000, 0x0000000088b00000| Untracked 
|  82|0x0000000088c00000, 0x0000000088c00000, 0x0000000088d00000|  0%| F|  |TAMS 0x0000000088c00000, 0x0000000088c00000| Untracked 
|  83|0x0000000088d00000, 0x0000000088d00000, 0x0000000088e00000|  0%| F|  |TAMS 0x0000000088d00000, 0x0000000088d00000| Untracked 
|  84|0x0000000088e00000, 0x0000000088e00000, 0x0000000088f00000|  0%| F|  |TAMS 0x0000000088e00000, 0x0000000088e00000| Untracked 
|  85|0x0000000088f00000, 0x0000000088f00000, 0x0000000089000000|  0%| F|  |TAMS 0x0000000088f00000, 0x0000000088f00000| Untracked 
|  86|0x0000000089000000, 0x0000000089000000, 0x0000000089100000|  0%| F|  |TAMS 0x0000000089000000, 0x0000000089000000| Untracked 
|  87|0x0000000089100000, 0x0000000089100000, 0x0000000089200000|  0%| F|  |TAMS 0x0000000089100000, 0x0000000089100000| Untracked 
|  88|0x0000000089200000, 0x0000000089200000, 0x0000000089300000|  0%| F|  |TAMS 0x0000000089200000, 0x0000000089200000| Untracked 
|  89|0x0000000089300000, 0x0000000089300000, 0x0000000089400000|  0%| F|  |TAMS 0x0000000089300000, 0x0000000089300000| Untracked 
|  90|0x0000000089400000, 0x0000000089400000, 0x0000000089500000|  0%| F|  |TAMS 0x0000000089400000, 0x0000000089400000| Untracked 
|  91|0x0000000089500000, 0x0000000089500000, 0x0000000089600000|  0%| F|  |TAMS 0x0000000089500000, 0x0000000089500000| Untracked 
|  92|0x0000000089600000, 0x0000000089600000, 0x0000000089700000|  0%| F|  |TAMS 0x0000000089600000, 0x0000000089600000| Untracked 
|  93|0x0000000089700000, 0x0000000089700000, 0x0000000089800000|  0%| F|  |TAMS 0x0000000089700000, 0x0000000089700000| Untracked 
|  94|0x0000000089800000, 0x0000000089800000, 0x0000000089900000|  0%| F|  |TAMS 0x0000000089800000, 0x0000000089800000| Untracked 
|  95|0x0000000089900000, 0x0000000089900000, 0x0000000089a00000|  0%| F|  |TAMS 0x0000000089900000, 0x0000000089900000| Untracked 
|  96|0x0000000089a00000, 0x0000000089a00000, 0x0000000089b00000|  0%| F|  |TAMS 0x0000000089a00000, 0x0000000089a00000| Untracked 
|  97|0x0000000089b00000, 0x0000000089b00000, 0x0000000089c00000|  0%| F|  |TAMS 0x0000000089b00000, 0x0000000089b00000| Untracked 
|  98|0x0000000089c00000, 0x0000000089c00000, 0x0000000089d00000|  0%| F|  |TAMS 0x0000000089c00000, 0x0000000089c00000| Untracked 
|  99|0x0000000089d00000, 0x0000000089d00000, 0x0000000089e00000|  0%| F|  |TAMS 0x0000000089d00000, 0x0000000089d00000| Untracked 
| 100|0x0000000089e00000, 0x0000000089e00000, 0x0000000089f00000|  0%| F|  |TAMS 0x0000000089e00000, 0x0000000089e00000| Untracked 
| 101|0x0000000089f00000, 0x0000000089f00000, 0x000000008a000000|  0%| F|  |TAMS 0x0000000089f00000, 0x0000000089f00000| Untracked 
| 102|0x000000008a000000, 0x000000008a000000, 0x000000008a100000|  0%| F|  |TAMS 0x000000008a000000, 0x000000008a000000| Untracked 
| 103|0x000000008a100000, 0x000000008a100000, 0x000000008a200000|  0%| F|  |TAMS 0x000000008a100000, 0x000000008a100000| Untracked 
| 104|0x000000008a200000, 0x000000008a200000, 0x000000008a300000|  0%| F|  |TAMS 0x000000008a200000, 0x000000008a200000| Untracked 
| 105|0x000000008a300000, 0x000000008a300000, 0x000000008a400000|  0%| F|  |TAMS 0x000000008a300000, 0x000000008a300000| Untracked 
| 106|0x000000008a400000, 0x000000008a400000, 0x000000008a500000|  0%| F|  |TAMS 0x000000008a400000, 0x000000008a400000| Untracked 
| 107|0x000000008a500000, 0x000000008a500000, 0x000000008a600000|  0%| F|  |TAMS 0x000000008a500000, 0x000000008a500000| Untracked 
| 108|0x000000008a600000, 0x000000008a600000, 0x000000008a700000|  0%| F|  |TAMS 0x000000008a600000, 0x000000008a600000| Untracked 
| 109|0x000000008a700000, 0x000000008a700000, 0x000000008a800000|  0%| F|  |TAMS 0x000000008a700000, 0x000000008a700000| Untracked 
| 110|0x000000008a800000, 0x000000008a800000, 0x000000008a900000|  0%| F|  |TAMS 0x000000008a800000, 0x000000008a800000| Untracked 
| 111|0x000000008a900000, 0x000000008a900000, 0x000000008aa00000|  0%| F|  |TAMS 0x000000008a900000, 0x000000008a900000| Untracked 
| 112|0x000000008aa00000, 0x000000008aa00000, 0x000000008ab00000|  0%| F|  |TAMS 0x000000008aa00000, 0x000000008aa00000| Untracked 
| 113|0x000000008ab00000, 0x000000008ab00000, 0x000000008ac00000|  0%| F|  |TAMS 0x000000008ab00000, 0x000000008ab00000| Untracked 
| 114|0x000000008ac00000, 0x000000008ac00000, 0x000000008ad00000|  0%| F|  |TAMS 0x000000008ac00000, 0x000000008ac00000| Untracked 
| 115|0x000000008ad00000, 0x000000008ad00000, 0x000000008ae00000|  0%| F|  |TAMS 0x000000008ad00000, 0x000000008ad00000| Untracked 
| 116|0x000000008ae00000, 0x000000008ae00000, 0x000000008af00000|  0%| F|  |TAMS 0x000000008ae00000, 0x000000008ae00000| Untracked 
| 117|0x000000008af00000, 0x000000008af00000, 0x000000008b000000|  0%| F|  |TAMS 0x000000008af00000, 0x000000008af00000| Untracked 
| 118|0x000000008b000000, 0x000000008b000000, 0x000000008b100000|  0%| F|  |TAMS 0x000000008b000000, 0x000000008b000000| Untracked 
| 119|0x000000008b100000, 0x000000008b100000, 0x000000008b200000|  0%| F|  |TAMS 0x000000008b100000, 0x000000008b100000| Untracked 
| 120|0x000000008b200000, 0x000000008b200000, 0x000000008b300000|  0%| F|  |TAMS 0x000000008b200000, 0x000000008b200000| Untracked 
| 121|0x000000008b300000, 0x000000008b300000, 0x000000008b400000|  0%| F|  |TAMS 0x000000008b300000, 0x000000008b300000| Untracked 
| 122|0x000000008b400000, 0x000000008b427a68, 0x000000008b500000| 15%| E|  |TAMS 0x000000008b400000, 0x000000008b400000| Complete 
| 123|0x000000008b500000, 0x000000008b600000, 0x000000008b600000|100%| E|CS|TAMS 0x000000008b500000, 0x000000008b500000| Complete 
| 124|0x000000008b600000, 0x000000008b700000, 0x000000008b700000|100%| E|CS|TAMS 0x000000008b600000, 0x000000008b600000| Complete 
| 125|0x000000008b700000, 0x000000008b800000, 0x000000008b800000|100%| E|CS|TAMS 0x000000008b700000, 0x000000008b700000| Complete 
| 126|0x000000008b800000, 0x000000008b900000, 0x000000008b900000|100%| E|CS|TAMS 0x000000008b800000, 0x000000008b800000| Complete 
| 127|0x000000008b900000, 0x000000008ba00000, 0x000000008ba00000|100%| E|CS|TAMS 0x000000008b900000, 0x000000008b900000| Complete 
| 128|0x000000008ba00000, 0x000000008bb00000, 0x000000008bb00000|100%| E|CS|TAMS 0x000000008ba00000, 0x000000008ba00000| Complete 

Card table byte_map: [0x000002366ef10000,0x000002366f300000] _byte_map_base: 0x000002366eaf3000

Marking Bits (Prev, Next): (CMBitMap*) 0x000002365739f0a0, (CMBitMap*) 0x000002365739f060
 Prev Bits: [0x0000023671610000, 0x0000023673528000)
 Next Bits: [0x000002366f6f0000, 0x0000023671608000)

Polling page: 0x00000236552c0000

Metaspace:

Usage:
  Non-class:     72.47 MB used.
      Class:     10.43 MB used.
       Both:     82.89 MB used.

Virtual space:
  Non-class space:      128.00 MB reserved,      72.88 MB ( 57%) committed,  2 nodes.
      Class space:        1.00 GB reserved,      10.75 MB (  1%) committed,  1 nodes.
             Both:        1.12 GB reserved,      83.62 MB (  7%) committed. 

Chunk freelists:
   Non-Class:  2.72 MB
       Class:  1.19 MB
        Both:  3.91 MB

MaxMetaspaceSize: unlimited
CompressedClassSpaceSize: 1.00 GB
Initial GC threshold: 21.00 MB
Current GC threshold: 98.06 MB
CDS: on
MetaspaceReclaimPolicy: balanced
 - commit_granule_bytes: 65536.
 - commit_granule_words: 8192.
 - virtual_space_node_default_size: 8388608.
 - enlarge_chunks_in_place: 1.
 - new_chunks_are_fully_committed: 0.
 - uncommit_free_chunks: 1.
 - use_allocation_guard: 0.


Internal statistics:

num_allocs_failed_limit: 9.
num_arena_births: 1198.
num_arena_deaths: 0.
num_vsnodes_births: 3.
num_vsnodes_deaths: 0.
num_space_committed: 1338.
num_space_uncommitted: 0.
num_chunks_returned_to_freelist: 9.
num_chunks_taken_from_freelist: 4223.
num_chunk_merges: 9.
num_chunk_splits: 3071.
num_chunks_enlarged: 2461.
num_inconsistent_stats: 0.

CodeHeap 'non-profiled nmethods': size=119168Kb used=8034Kb max_used=8034Kb free=111133Kb
 bounds [0x0000023666e30000, 0x0000023667610000, 0x000002366e290000]
CodeHeap 'profiled nmethods': size=119104Kb used=26588Kb max_used=29102Kb free=92515Kb
 bounds [0x000002365f290000, 0x0000023660f00000, 0x00000236666e0000]
CodeHeap 'non-nmethods': size=7488Kb used=1516Kb max_used=3248Kb free=5971Kb
 bounds [0x00000236666e0000, 0x0000023666a10000, 0x0000023666e30000]
 total_blobs=13359 nmethods=12599 adapters=668
 compilation: enabled
              stopped_count=0, restarted_count=0
 full_count=0

Compilation events (20 events):
Event: 62.474 Thread 0x00000236765af100 nmethod 14805 0x0000023667605390 code [0x0000023667605540, 0x00000236676057d8]
Event: 62.703 Thread 0x00000236765af100 14806       4       java.lang.ThreadLocal::setInitialValue (76 bytes)
Event: 62.727 Thread 0x00000236765af100 nmethod 14806 0x0000023667605990 code [0x0000023667605b80, 0x00000236676063f0]
Event: 63.133 Thread 0x00000236765af100 14807       4       sun.util.calendar.ZoneInfo::getOffsets (8 bytes)
Event: 63.134 Thread 0x00000236765af100 nmethod 14807 0x0000023667606910 code [0x0000023667606aa0, 0x0000023667606b48]
Event: 63.179 Thread 0x00000236765af100 14808       4       java.util.Collections$3::hasMoreElements (10 bytes)
Event: 63.179 Thread 0x00000236765af100 nmethod 14808 0x0000023667606c10 code [0x0000023667606da0, 0x0000023667606e38]
Event: 63.231 Thread 0x00000236765af100 14809       4       java.util.concurrent.ConcurrentHashMap$Traverser::<init> (36 bytes)
Event: 63.233 Thread 0x00000236765af100 nmethod 14809 0x0000023667606f10 code [0x0000023667607080, 0x0000023667607238]
Event: 63.240 Thread 0x00000236765af100 14810       4       java.util.ArrayList$ArrayListSpliterator::estimateSize (11 bytes)
Event: 63.241 Thread 0x00000236765af100 nmethod 14810 0x0000023667607290 code [0x0000023667607420, 0x00000236676074d8]
Event: 63.405 Thread 0x00000236765af100 14811       4       java.util.TreeSet::iterator (15 bytes)
Event: 63.410 Thread 0x00000236765af100 nmethod 14811 0x0000023667607590 code [0x0000023667607740, 0x0000023667607bf8]
Event: 63.410 Thread 0x00000236765af100 14812       4       java.util.TreeMap::navigableKeySet (27 bytes)
Event: 63.411 Thread 0x00000236765af100 nmethod 14812 0x0000023667607e90 code [0x0000023667608020, 0x00000236676081d8]
Event: 63.423 Thread 0x00000236765af100 14813       4       org.springframework.core.convert.support.GenericConversionService$NoOpConverter::convert (2 bytes)
Event: 63.424 Thread 0x00000236765af100 nmethod 14813 0x0000023667608290 code [0x0000023667608400, 0x0000023667608478]
Event: 63.464 Thread 0x00000236765af100 14814       4       org.hibernate.resource.jdbc.internal.AbstractLogicalConnectionImplementor::errorIfClosed (25 bytes)
Event: 63.465 Thread 0x00000236765af100 nmethod 14814 0x0000023667608590 code [0x0000023667608720, 0x00000236676087b8]
Event: 63.510 Thread 0x00000236765af100 14815       4       io.jsonwebtoken.impl.JwtMap::put (27 bytes)

GC Heap History (20 events):
Event: 14.171 GC heap before
{Heap before GC invocations=17 (full 0):
 garbage-first heap   total 75776K, used 58197K [0x0000000083a00000, 0x0000000100000000)
  region size 1024K, 31 young (31744K), 1 survivors (1024K)
 Metaspace       used 69207K, committed 69888K, reserved 1114112K
  class space    used 9155K, committed 9472K, reserved 1048576K
}
Event: 14.177 GC heap after
{Heap after GC invocations=18 (full 0):
 garbage-first heap   total 75776K, used 30094K [0x0000000083a00000, 0x0000000100000000)
  region size 1024K, 3 young (3072K), 3 survivors (3072K)
 Metaspace       used 69207K, committed 69888K, reserved 1114112K
  class space    used 9155K, committed 9472K, reserved 1048576K
}
Event: 14.308 GC heap before
{Heap before GC invocations=18 (full 0):
 garbage-first heap   total 75776K, used 58766K [0x0000000083a00000, 0x0000000100000000)
  region size 1024K, 31 young (31744K), 3 survivors (3072K)
 Metaspace       used 69350K, committed 70016K, reserved 1114112K
  class space    used 9162K, committed 9472K, reserved 1048576K
}
Event: 14.311 GC heap after
{Heap after GC invocations=19 (full 0):
 garbage-first heap   total 75776K, used 30942K [0x0000000083a00000, 0x0000000100000000)
  region size 1024K, 1 young (1024K), 1 survivors (1024K)
 Metaspace       used 69350K, committed 70016K, reserved 1114112K
  class space    used 9162K, committed 9472K, reserved 1048576K
}
Event: 14.504 GC heap before
{Heap before GC invocations=19 (full 0):
 garbage-first heap   total 75776K, used 60638K [0x0000000083a00000, 0x0000000100000000)
  region size 1024K, 30 young (30720K), 1 survivors (1024K)
 Metaspace       used 69539K, committed 70208K, reserved 1114112K
  class space    used 9174K, committed 9472K, reserved 1048576K
}
Event: 14.508 GC heap after
{Heap after GC invocations=20 (full 0):
 garbage-first heap   total 132096K, used 31427K [0x0000000083a00000, 0x0000000100000000)
  region size 1024K, 2 young (2048K), 2 survivors (2048K)
 Metaspace       used 69539K, committed 70208K, reserved 1114112K
  class space    used 9174K, committed 9472K, reserved 1048576K
}
Event: 17.805 GC heap before
{Heap before GC invocations=20 (full 0):
 garbage-first heap   total 132096K, used 100035K [0x0000000083a00000, 0x0000000100000000)
  region size 1024K, 69 young (70656K), 2 survivors (2048K)
 Metaspace       used 76907K, committed 77632K, reserved 1179648K
  class space    used 10166K, committed 10496K, reserved 1048576K
}
Event: 17.812 GC heap after
{Heap after GC invocations=21 (full 0):
 garbage-first heap   total 132096K, used 36219K [0x0000000083a00000, 0x0000000100000000)
  region size 1024K, 7 young (7168K), 7 survivors (7168K)
 Metaspace       used 76907K, committed 77632K, reserved 1179648K
  class space    used 10166K, committed 10496K, reserved 1048576K
}
Event: 22.668 GC heap before
{Heap before GC invocations=21 (full 0):
 garbage-first heap   total 132096K, used 101755K [0x0000000083a00000, 0x0000000100000000)
  region size 1024K, 72 young (73728K), 7 survivors (7168K)
 Metaspace       used 82737K, committed 83520K, reserved 1179648K
  class space    used 10651K, committed 11008K, reserved 1048576K
}
Event: 22.676 GC heap after
{Heap after GC invocations=22 (full 0):
 garbage-first heap   total 132096K, used 37833K [0x0000000083a00000, 0x0000000100000000)
  region size 1024K, 2 young (2048K), 2 survivors (2048K)
 Metaspace       used 82737K, committed 83520K, reserved 1179648K
  class space    used 10651K, committed 11008K, reserved 1048576K
}
Event: 29.832 GC heap before
{Heap before GC invocations=22 (full 0):
 garbage-first heap   total 132096K, used 104393K [0x0000000083a00000, 0x0000000100000000)
  region size 1024K, 68 young (69632K), 2 survivors (2048K)
 Metaspace       used 84261K, committed 84992K, reserved 1179648K
  class space    used 10675K, committed 11008K, reserved 1048576K
}
Event: 29.841 GC heap after
{Heap after GC invocations=23 (full 0):
 garbage-first heap   total 132096K, used 37547K [0x0000000083a00000, 0x0000000100000000)
  region size 1024K, 2 young (2048K), 2 survivors (2048K)
 Metaspace       used 84261K, committed 84992K, reserved 1179648K
  class space    used 10675K, committed 11008K, reserved 1048576K
}
Event: 42.883 GC heap before
{Heap before GC invocations=23 (full 0):
 garbage-first heap   total 132096K, used 108203K [0x0000000083a00000, 0x0000000100000000)
  region size 1024K, 71 young (72704K), 2 survivors (2048K)
 Metaspace       used 84557K, committed 85248K, reserved 1179648K
  class space    used 10675K, committed 11008K, reserved 1048576K
}
Event: 42.949 GC heap after
{Heap after GC invocations=24 (full 0):
 garbage-first heap   total 132096K, used 37551K [0x0000000083a00000, 0x0000000100000000)
  region size 1024K, 2 young (2048K), 2 survivors (2048K)
 Metaspace       used 84557K, committed 85248K, reserved 1179648K
  class space    used 10675K, committed 11008K, reserved 1048576K
}
Event: 51.480 GC heap before
{Heap before GC invocations=24 (full 0):
 garbage-first heap   total 132096K, used 109231K [0x0000000083a00000, 0x0000000100000000)
  region size 1024K, 73 young (74752K), 2 survivors (2048K)
 Metaspace       used 84694K, committed 85440K, reserved 1179648K
  class space    used 10675K, committed 11008K, reserved 1048576K
}
Event: 51.492 GC heap after
{Heap after GC invocations=25 (full 0):
 garbage-first heap   total 132096K, used 37617K [0x0000000083a00000, 0x0000000100000000)
  region size 1024K, 2 young (2048K), 2 survivors (2048K)
 Metaspace       used 84694K, committed 85440K, reserved 1179648K
  class space    used 10675K, committed 11008K, reserved 1048576K
}
Event: 57.212 GC heap before
{Heap before GC invocations=25 (full 0):
 garbage-first heap   total 132096K, used 110321K [0x0000000083a00000, 0x0000000100000000)
  region size 1024K, 74 young (75776K), 2 survivors (2048K)
 Metaspace       used 84872K, committed 85632K, reserved 1179648K
  class space    used 10676K, committed 11008K, reserved 1048576K
}
Event: 57.243 GC heap after
{Heap after GC invocations=26 (full 0):
 garbage-first heap   total 132096K, used 37638K [0x0000000083a00000, 0x0000000100000000)
  region size 1024K, 2 young (2048K), 2 survivors (2048K)
 Metaspace       used 84872K, committed 85632K, reserved 1179648K
  class space    used 10676K, committed 11008K, reserved 1048576K
}
Event: 63.274 GC heap before
{Heap before GC invocations=26 (full 0):
 garbage-first heap   total 132096K, used 112390K [0x0000000083a00000, 0x0000000100000000)
  region size 1024K, 75 young (76800K), 2 survivors (2048K)
 Metaspace       used 84881K, committed 85632K, reserved 1179648K
  class space    used 10676K, committed 11008K, reserved 1048576K
}
Event: 63.286 GC heap after
{Heap after GC invocations=27 (full 0):
 garbage-first heap   total 132096K, used 37557K [0x0000000083a00000, 0x0000000100000000)
  region size 1024K, 2 young (2048K), 2 survivors (2048K)
 Metaspace       used 84881K, committed 85632K, reserved 1179648K
  class space    used 10676K, committed 11008K, reserved 1048576K
}

Dll operation events (14 events):
Event: 0.034 Loaded shared library C:\Program Files\Java\jdk-19\bin\java.dll
Event: 0.062 Loaded shared library C:\Program Files\Java\jdk-19\bin\jsvml.dll
Event: 0.289 Loaded shared library C:\Program Files\Java\jdk-19\bin\zip.dll
Event: 0.301 Loaded shared library C:\Program Files\Java\jdk-19\bin\instrument.dll
Event: 0.320 Loaded shared library C:\Program Files\Java\jdk-19\bin\net.dll
Event: 0.326 Loaded shared library C:\Program Files\Java\jdk-19\bin\nio.dll
Event: 0.334 Loaded shared library C:\Program Files\Java\jdk-19\bin\zip.dll
Event: 0.690 Loaded shared library C:\Program Files\JetBrains\IntelliJ IDEA Community Edition 2023.3.4\bin\breakgen64.dll
Event: 0.734 Loaded shared library C:\Program Files\Java\jdk-19\bin\extnet.dll
Event: 0.799 Loaded shared library C:\Program Files\Java\jdk-19\bin\jimage.dll
Event: 1.355 Loaded shared library C:\Program Files\Java\jdk-19\bin\management.dll
Event: 1.362 Loaded shared library C:\Program Files\Java\jdk-19\bin\management_ext.dll
Event: 2.578 Loaded shared library C:\Program Files\Java\jdk-19\bin\sunmscapi.dll
Event: 7.142 Loaded shared library C:\Program Files\Java\jdk-19\bin\verify.dll

Deoptimization events (20 events):
Event: 59.056 Thread 0x000002367d2f6010 DEOPT PACKING pc=0x00000236675bc424 sp=0x000000d625efa890
Event: 59.056 Thread 0x000002367d2f6010 DEOPT UNPACKING pc=0x000002366674a5a3 sp=0x000000d625efa788 mode 2
Event: 59.057 Thread 0x000002367d2f6010 DEOPT PACKING pc=0x000002366066bc1c sp=0x000000d625efac90
Event: 59.057 Thread 0x000002367d2f6010 DEOPT UNPACKING pc=0x000002366674b0e3 sp=0x000000d625efa120 mode 0
Event: 59.072 Thread 0x0000023600253c90 Uncommon trap: trap_request=0xffffffbe fr.pc=0x00000236675bc424 relative=0x0000000000000244
Event: 59.072 Thread 0x0000023600253c90 Uncommon trap: reason=profile_predicate action=maybe_recompile pc=0x00000236675bc424 method=com.fasterxml.jackson.databind.type.TypeFactory._applyModifiers(Ljava/lang/reflect/Type;Lcom/fasterxml/jackson/databind/JavaType;)Lcom/fasterxml/jackson/databind/J
Event: 59.072 Thread 0x0000023600253c90 DEOPT PACKING pc=0x00000236675bc424 sp=0x000000d6260facb0
Event: 59.072 Thread 0x0000023600253c90 DEOPT UNPACKING pc=0x000002366674a5a3 sp=0x000000d6260faba8 mode 2
Event: 59.087 Thread 0x000002367d2f5570 Uncommon trap: trap_request=0xffffffbe fr.pc=0x00000236675bc424 relative=0x0000000000000244
Event: 59.087 Thread 0x0000023600250cc0 Uncommon trap: trap_request=0xffffffbe fr.pc=0x00000236675bc424 relative=0x0000000000000244
Event: 59.087 Thread 0x000002367d2f5570 Uncommon trap: reason=profile_predicate action=maybe_recompile pc=0x00000236675bc424 method=com.fasterxml.jackson.databind.type.TypeFactory._applyModifiers(Ljava/lang/reflect/Type;Lcom/fasterxml/jackson/databind/JavaType;)Lcom/fasterxml/jackson/databind/J
Event: 59.087 Thread 0x0000023600250cc0 Uncommon trap: reason=profile_predicate action=maybe_recompile pc=0x00000236675bc424 method=com.fasterxml.jackson.databind.type.TypeFactory._applyModifiers(Ljava/lang/reflect/Type;Lcom/fasterxml/jackson/databind/JavaType;)Lcom/fasterxml/jackson/databind/J
Event: 59.087 Thread 0x000002367d2f5570 DEOPT PACKING pc=0x00000236675bc424 sp=0x000000d625dfac50
Event: 59.087 Thread 0x0000023600250cc0 DEOPT PACKING pc=0x00000236675bc424 sp=0x000000d625ffa8c0
Event: 59.087 Thread 0x000002367d2f5570 DEOPT UNPACKING pc=0x000002366674a5a3 sp=0x000000d625dfab48 mode 2
Event: 59.087 Thread 0x0000023600250cc0 DEOPT UNPACKING pc=0x000002366674a5a3 sp=0x000000d625ffa7b8 mode 2
Event: 59.114 Thread 0x0000023600252ca0 Uncommon trap: trap_request=0xffffffbe fr.pc=0x00000236675bbbcc relative=0x000000000000020c
Event: 59.114 Thread 0x0000023600252ca0 Uncommon trap: reason=profile_predicate action=maybe_recompile pc=0x00000236675bbbcc method=com.fasterxml.jackson.databind.type.TypeFactory._applyModifiers(Ljava/lang/reflect/Type;Lcom/fasterxml/jackson/databind/JavaType;)Lcom/fasterxml/jackson/databind/J
Event: 59.114 Thread 0x0000023600252ca0 DEOPT PACKING pc=0x00000236675bbbcc sp=0x000000d6264facb0
Event: 59.114 Thread 0x0000023600252ca0 DEOPT UNPACKING pc=0x000002366674a5a3 sp=0x000000d6264fac40 mode 2

Classes loaded (20 events):
Event: 17.835 Loading class com/sun/crypto/provider/HmacCore$HmacSHA256
Event: 17.835 Loading class com/sun/crypto/provider/HmacCore$HmacSHA256 done
Event: 18.066 Loading class java/util/AbstractMap$SimpleEntry
Event: 18.072 Loading class java/util/AbstractMap$SimpleEntry done
Event: 18.319 Loading class java/util/OptionalLong
Event: 18.324 Loading class java/util/OptionalLong done
Event: 18.324 Loading class java/util/OptionalDouble
Event: 18.324 Loading class java/util/OptionalDouble done
Event: 18.420 Loading class jdk/internal/reflect/MethodHandleBooleanFieldAccessorImpl
Event: 18.421 Loading class jdk/internal/reflect/MethodHandleBooleanFieldAccessorImpl done
Event: 18.510 Loading class java/util/stream/LongStream
Event: 18.511 Loading class java/util/stream/LongStream done
Event: 18.511 Loading class java/util/stream/DoubleStream
Event: 18.512 Loading class java/util/stream/DoubleStream done
Event: 18.541 Loading class org/w3c/dom/Node
Event: 18.541 Loading class org/w3c/dom/Node done
Event: 18.542 Loading class org/w3c/dom/Document
Event: 18.542 Loading class org/w3c/dom/Document done
Event: 19.492 Loading class java/util/concurrent/atomic/Striped64$Cell
Event: 19.495 Loading class java/util/concurrent/atomic/Striped64$Cell done

Classes unloaded (0 events):
No events

Classes redefined (0 events):
No events

Internal exceptions (20 events):
Event: 15.269 Thread 0x000002367b0728d0 Exception <a 'sun/nio/fs/WindowsException'{0x0000000089730190}> (0x0000000089730190) 
thrown [s\open\src\hotspot\share\prims\jni.cpp, line 517]
Event: 15.342 Thread 0x000002367b0728d0 Exception <a 'java/lang/IncompatibleClassChangeError'{0x00000000894c04b0}: Found class java.lang.Object, but interface was expected> (0x00000000894c04b0) 
thrown [s\open\src\hotspot\share\interpreter\linkResolver.cpp, line 841]
Event: 15.733 Thread 0x000002367b0728d0 Exception <a 'java/lang/NoSuchMethodError'{0x0000000088e36828}: 'void java.lang.invoke.DirectMethodHandle$Holder.invokeVirtual(java.lang.Object, java.lang.Object, long)'> (0x0000000088e36828) 
thrown [s\open\src\hotspot\share\interpreter\linkResolver.cpp, line 774]
Event: 16.148 Thread 0x000002367b0728d0 Exception <a 'java/lang/NoSuchMethodError'{0x0000000088b822b8}: 'int java.lang.invoke.DirectMethodHandle$Holder.invokeStaticInit(java.lang.Object, java.lang.Object, java.lang.Object, java.lang.Object)'> (0x0000000088b822b8) 
thrown [s\open\src\hotspot\share\interpreter\linkResolver.cpp, line 774]
Event: 16.387 Thread 0x000002367b0728d0 Exception <a 'java/lang/IncompatibleClassChangeError'{0x0000000088a402d0}: Found class java.lang.Object, but interface was expected> (0x0000000088a402d0) 
thrown [s\open\src\hotspot\share\interpreter\linkResolver.cpp, line 841]
Event: 16.525 Thread 0x000002367b0728d0 Implicit null exception at 0x0000023666f5c5da to 0x0000023666f5c7c8
Event: 17.289 Thread 0x000002367b0728d0 Exception <a 'java/lang/NoSuchMethodError'{0x00000000882156e8}: 'java.lang.Object java.lang.invoke.DirectMethodHandle$Holder.newInvokeSpecial(java.lang.Object, java.lang.Object, int, java.lang.Object, java.lang.Object)'> (0x00000000882156e8) 
thrown [s\open\src\hotspot\share\interpreter\linkResolver.cpp, line 774]
Event: 17.291 Thread 0x000002367b0728d0 Exception <a 'java/lang/NoSuchMethodError'{0x0000000088220908}: 'java.lang.Object java.lang.invoke.DirectMethodHandle$Holder.invokeSpecial(java.lang.Object, java.lang.Object, int, java.lang.Object, int, java.lang.Object)'> (0x0000000088220908) 
thrown [s\open\src\hotspot\share\interpreter\linkResolver.cpp, line 774]
Event: 17.292 Thread 0x000002367b0728d0 Exception <a 'java/lang/NoSuchMethodError'{0x00000000882285a0}: 'java.lang.Object java.lang.invoke.DirectMethodHandle$Holder.newInvokeSpecial(java.lang.Object, java.lang.Object, int, java.lang.Object, int)'> (0x00000000882285a0) 
thrown [s\open\src\hotspot\share\interpreter\linkResolver.cpp, line 774]
Event: 17.292 Thread 0x000002367b0728d0 Exception <a 'java/lang/NoSuchMethodError'{0x000000008822c670}: 'java.lang.Object java.lang.invoke.DirectMethodHandle$Holder.invokeSpecial(java.lang.Object, java.lang.Object, java.lang.Object, int, java.lang.Object, int)'> (0x000000008822c670) 
thrown [s\open\src\hotspot\share\interpreter\linkResolver.cpp, line 774]
Event: 17.544 Thread 0x000002367d2f5570 Exception <a 'java/lang/NoSuchMethodError'{0x0000000087c2a300}: 'java.lang.Object java.lang.invoke.DirectMethodHandle$Holder.invokeSpecial(java.lang.Object, java.lang.Object, java.lang.Object, java.lang.Object, java.lang.Object, long)'> (0x0000000087c2a300) 
thrown [s\open\src\hotspot\share\interpreter\linkResolver.cpp, line 774]
Event: 17.544 Thread 0x000002367d2f5570 Exception <a 'java/lang/NoSuchMethodError'{0x0000000087c2dd08}: 'java.lang.Object java.lang.invoke.Invokers$Holder.linkToTargetMethod(java.lang.Object, java.lang.Object, java.lang.Object, long, java.lang.Object)'> (0x0000000087c2dd08) 
thrown [s\open\src\hotspot\share\interpreter\linkResolver.cpp, line 774]
Event: 17.925 Thread 0x000002367d2f5570 Implicit null exception at 0x00000236671a2b26 to 0x00000236671a2fdc
Event: 17.926 Thread 0x000002367d2f5570 Implicit null exception at 0x00000236671a3ee2 to 0x00000236671a4264
Event: 18.128 Thread 0x000002367d2f4030 Exception <a 'java/lang/NoSuchMethodError'{0x000000008b3ffc58}: 'void java.lang.invoke.DirectMethodHandle$Holder.invokeSpecialIFC(java.lang.Object, java.lang.Object, int, java.lang.Object, java.lang.Object, java.lang.Object, java.lang.Object)'> (0x000000008b3ffc58) 
thrown [s\open\src\hotspot\share\interpreter\linkResolver.cpp, line 774]
Event: 18.128 Thread 0x000002367d2f5570 Exception <a 'java/lang/NoSuchMethodError'{0x000000008b202830}: 'void java.lang.invoke.DirectMethodHandle$Holder.invokeSpecialIFC(java.lang.Object, java.lang.Object, int, java.lang.Object, java.lang.Object, java.lang.Object, java.lang.Object)'> (0x000000008b202830) 
thrown [s\open\src\hotspot\share\interpreter\linkResolver.cpp, line 774]
Event: 18.308 Thread 0x000002367d2f4030 Exception <a 'java/lang/NoSuchMethodError'{0x000000008afb1c68}: 'java.lang.Object java.lang.invoke.DirectMethodHandle$Holder.invokeInterface(java.lang.Object, java.lang.Object, java.lang.Object, java.lang.Object)'> (0x000000008afb1c68) 
thrown [s\open\src\hotspot\share\interpreter\linkResolver.cpp, line 774]
Event: 18.310 Thread 0x000002367d2f4030 Exception <a 'java/lang/NoSuchMethodError'{0x000000008afc8ef0}: 'java.lang.Object java.lang.invoke.DirectMethodHandle$Holder.invokeInterface(java.lang.Object, java.lang.Object, java.lang.Object, java.lang.Object, java.lang.Object)'> (0x000000008afc8ef0) 
thrown [s\open\src\hotspot\share\interpreter\linkResolver.cpp, line 774]
Event: 18.422 Thread 0x000002367d2f4030 Exception <a 'java/lang/NoSuchMethodError'{0x000000008ad8d3c0}: 'void java.lang.invoke.Invokers$Holder.invokeExact_MT(java.lang.Object, java.lang.Object, int, java.lang.Object)'> (0x000000008ad8d3c0) 
thrown [s\open\src\hotspot\share\interpreter\linkResolver.cpp, line 774]
Event: 18.504 Thread 0x000002367d2f4030 Exception <a 'java/lang/IncompatibleClassChangeError'{0x000000008ac07a18}: Found class java.lang.Object, but interface was expected> (0x000000008ac07a18) 
thrown [s\open\src\hotspot\share\interpreter\linkResolver.cpp, line 841]

VM Operations (20 events):
Event: 54.542 Executing VM operation: Cleanup
Event: 54.542 Executing VM operation: Cleanup done
Event: 55.543 Executing VM operation: Cleanup
Event: 55.544 Executing VM operation: Cleanup done
Event: 55.587 Executing VM operation: HandshakeAllThreads
Event: 55.587 Executing VM operation: HandshakeAllThreads done
Event: 56.592 Executing VM operation: Cleanup
Event: 56.593 Executing VM operation: Cleanup done
Event: 57.206 Executing VM operation: G1CollectForAllocation
Event: 57.243 Executing VM operation: G1CollectForAllocation done
Event: 58.258 Executing VM operation: Cleanup
Event: 58.258 Executing VM operation: Cleanup done
Event: 59.258 Executing VM operation: Cleanup
Event: 59.258 Executing VM operation: Cleanup done
Event: 60.273 Executing VM operation: Cleanup
Event: 60.274 Executing VM operation: Cleanup done
Event: 62.287 Executing VM operation: Cleanup
Event: 62.287 Executing VM operation: Cleanup done
Event: 63.273 Executing VM operation: G1CollectForAllocation
Event: 63.286 Executing VM operation: G1CollectForAllocation done

Events (20 events):
Event: 55.628 Thread 0x00000236765c43e0 flushing nmethod 0x000002366074ee10
Event: 55.628 Thread 0x00000236765c43e0 flushing nmethod 0x00000236607ae190
Event: 55.628 Thread 0x00000236765c43e0 flushing nmethod 0x00000236607ceb90
Event: 55.629 Thread 0x00000236765c43e0 flushing nmethod 0x00000236607de910
Event: 55.629 Thread 0x00000236765c43e0 flushing nmethod 0x0000023660804d90
Event: 55.629 Thread 0x00000236765c43e0 flushing nmethod 0x000002366086d810
Event: 55.629 Thread 0x00000236765c43e0 flushing nmethod 0x00000236608a3010
Event: 55.629 Thread 0x00000236765c43e0 flushing nmethod 0x00000236608b2410
Event: 55.629 Thread 0x00000236765c43e0 flushing nmethod 0x00000236608cce10
Event: 55.629 Thread 0x00000236765c43e0 flushing nmethod 0x00000236608eb290
Event: 55.630 Thread 0x00000236765c43e0 flushing nmethod 0x000002366092c210
Event: 55.630 Thread 0x00000236765c43e0 flushing nmethod 0x0000023660965010
Event: 55.631 Thread 0x00000236765c43e0 flushing nmethod 0x000002366099bb90
Event: 55.631 Thread 0x00000236765c43e0 flushing nmethod 0x00000236609e3d90
Event: 61.203 Thread 0x000002367d47de00 Thread added: 0x000002367d47de00
Event: 61.203 Thread 0x000002367b9e36c0 Thread added: 0x000002367b9e36c0
Event: 61.203 Thread 0x000002367adca1d0 Thread added: 0x000002367adca1d0
Event: 61.718 Thread 0x000002367adca1d0 Thread exited: 0x000002367adca1d0
Event: 61.741 Thread 0x000002367b9e36c0 Thread exited: 0x000002367b9e36c0
Event: 61.915 Thread 0x000002367d47de00 Thread exited: 0x000002367d47de00


Dynamic libraries:
0x00007ff7a78f0000 - 0x00007ff7a7900000 	C:\Program Files\Java\jdk-19\bin\java.exe
0x00007ffc7c690000 - 0x00007ffc7c8a6000 	C:\WINDOWS\SYSTEM32\ntdll.dll
0x00007ffc7b600000 - 0x00007ffc7b6c4000 	C:\WINDOWS\System32\KERNEL32.DLL
0x00007ffc79cd0000 - 0x00007ffc7a077000 	C:\WINDOWS\System32\KERNELBASE.dll
0x00007ffc7a080000 - 0x00007ffc7a191000 	C:\WINDOWS\System32\ucrtbase.dll
0x00007ffc733d0000 - 0x00007ffc733eb000 	C:\Program Files\Java\jdk-19\bin\VCRUNTIME140.dll
0x00007ffc70df0000 - 0x00007ffc70e08000 	C:\Program Files\Java\jdk-19\bin\jli.dll
0x00007ffc7afd0000 - 0x00007ffc7b082000 	C:\WINDOWS\System32\ADVAPI32.dll
0x00007ffc7bd10000 - 0x00007ffc7bdb7000 	C:\WINDOWS\System32\msvcrt.dll
0x00007ffc7b090000 - 0x00007ffc7b138000 	C:\WINDOWS\System32\sechost.dll
0x00007ffc7a2c0000 - 0x00007ffc7a2e8000 	C:\WINDOWS\System32\bcrypt.dll
0x00007ffc7b760000 - 0x00007ffc7b875000 	C:\WINDOWS\System32\RPCRT4.dll
0x00007ffc7c4a0000 - 0x00007ffc7c64e000 	C:\WINDOWS\System32\USER32.dll
0x00007ffc7a2f0000 - 0x00007ffc7a316000 	C:\WINDOWS\System32\win32u.dll
0x00007ffc61160000 - 0x00007ffc613f3000 	C:\WINDOWS\WinSxS\amd64_microsoft.windows.common-controls_6595b64144ccf1df_6.0.22621.3235_none_270f74e173860f98\COMCTL32.dll
0x00007ffc7b6d0000 - 0x00007ffc7b6f9000 	C:\WINDOWS\System32\GDI32.dll
0x00007ffc7a1a0000 - 0x00007ffc7a2b9000 	C:\WINDOWS\System32\gdi32full.dll
0x00007ffc7a320000 - 0x00007ffc7a3ba000 	C:\WINDOWS\System32\msvcp_win.dll
0x00007ffc70f40000 - 0x00007ffc70f4a000 	C:\WINDOWS\SYSTEM32\VERSION.dll
0x00007ffc7b1b0000 - 0x00007ffc7b1e1000 	C:\WINDOWS\System32\IMM32.DLL
0x00007ffc70da0000 - 0x00007ffc70dac000 	C:\Program Files\Java\jdk-19\bin\vcruntime140_1.dll
0x00007ffc4f6c0000 - 0x00007ffc4f74e000 	C:\Program Files\Java\jdk-19\bin\msvcp140.dll
0x00007ffc26c30000 - 0x00007ffc278f0000 	C:\Program Files\Java\jdk-19\bin\server\jvm.dll
0x00007ffc70200000 - 0x00007ffc70234000 	C:\WINDOWS\SYSTEM32\WINMM.dll
0x00007ffc57990000 - 0x00007ffc57999000 	C:\WINDOWS\SYSTEM32\WSOCK32.dll
0x00007ffc7b320000 - 0x00007ffc7b391000 	C:\WINDOWS\System32\WS2_32.dll
0x00007ffc78ab0000 - 0x00007ffc78ac8000 	C:\WINDOWS\SYSTEM32\kernel.appcore.dll
0x00007ffc70d90000 - 0x00007ffc70d9a000 	C:\Program Files\Java\jdk-19\bin\jimage.dll
0x00007ffc772c0000 - 0x00007ffc774f3000 	C:\WINDOWS\SYSTEM32\DBGHELP.DLL
0x00007ffc7bdc0000 - 0x00007ffc7c148000 	C:\WINDOWS\System32\combase.dll
0x00007ffc7aef0000 - 0x00007ffc7afc7000 	C:\WINDOWS\System32\OLEAUT32.dll
0x00007ffc5b850000 - 0x00007ffc5b882000 	C:\WINDOWS\SYSTEM32\dbgcore.DLL
0x00007ffc799b0000 - 0x00007ffc79a29000 	C:\WINDOWS\System32\bcryptPrimitives.dll
0x00007ffc74950000 - 0x00007ffc7495e000 	C:\Program Files\Java\jdk-19\bin\instrument.dll
0x00007ffc70d60000 - 0x00007ffc70d86000 	C:\Program Files\Java\jdk-19\bin\java.dll
0x00007ffc26b50000 - 0x00007ffc26c27000 	C:\Program Files\Java\jdk-19\bin\jsvml.dll
0x00007ffc7a690000 - 0x00007ffc7aeec000 	C:\WINDOWS\System32\SHELL32.dll
0x00007ffc778d0000 - 0x00007ffc781c9000 	C:\WINDOWS\SYSTEM32\windows.storage.dll
0x00007ffc77790000 - 0x00007ffc778ce000 	C:\WINDOWS\SYSTEM32\wintypes.dll
0x00007ffc7c3a0000 - 0x00007ffc7c493000 	C:\WINDOWS\System32\SHCORE.dll
0x00007ffc7a590000 - 0x00007ffc7a5ee000 	C:\WINDOWS\System32\shlwapi.dll
0x00007ffc798e0000 - 0x00007ffc79901000 	C:\WINDOWS\SYSTEM32\profapi.dll
0x00007ffc700e0000 - 0x00007ffc700f8000 	C:\Program Files\Java\jdk-19\bin\zip.dll
0x00007ffc70d40000 - 0x00007ffc70d53000 	C:\Program Files\Java\jdk-19\bin\net.dll
0x00007ffc729c0000 - 0x00007ffc72af6000 	C:\WINDOWS\SYSTEM32\WINHTTP.dll
0x00007ffc78f30000 - 0x00007ffc78f99000 	C:\WINDOWS\system32\mswsock.dll
0x00007ffc70480000 - 0x00007ffc70496000 	C:\Program Files\Java\jdk-19\bin\nio.dll
0x00007ffc74920000 - 0x00007ffc7493a000 	C:\Program Files\JetBrains\IntelliJ IDEA Community Edition 2023.3.4\bin\breakgen64.dll
0x00007ffc70d30000 - 0x00007ffc70d38000 	C:\Program Files\Java\jdk-19\bin\extnet.dll
0x00007ffc75f30000 - 0x00007ffc75f3a000 	C:\Program Files\Java\jdk-19\bin\management.dll
0x00007ffc75f20000 - 0x00007ffc75f2b000 	C:\Program Files\Java\jdk-19\bin\management_ext.dll
0x00007ffc7a680000 - 0x00007ffc7a688000 	C:\WINDOWS\System32\PSAPI.DLL
0x00007ffc74940000 - 0x00007ffc7494e000 	C:\Program Files\Java\jdk-19\bin\sunmscapi.dll
0x00007ffc79af0000 - 0x00007ffc79c57000 	C:\WINDOWS\System32\CRYPT32.dll
0x00007ffc79350000 - 0x00007ffc7937e000 	C:\WINDOWS\SYSTEM32\ncrypt.dll
0x00007ffc79310000 - 0x00007ffc79347000 	C:\WINDOWS\SYSTEM32\NTASN1.dll
0x00007ffc791b0000 - 0x00007ffc791cb000 	C:\WINDOWS\SYSTEM32\CRYPTSP.dll
0x00007ffc78a10000 - 0x00007ffc78a45000 	C:\WINDOWS\system32\rsaenh.dll
0x00007ffc79050000 - 0x00007ffc79078000 	C:\WINDOWS\SYSTEM32\USERENV.dll
0x00007ffc791d0000 - 0x00007ffc791dc000 	C:\WINDOWS\SYSTEM32\CRYPTBASE.dll
0x00007ffc784a0000 - 0x00007ffc784cd000 	C:\WINDOWS\SYSTEM32\IPHLPAPI.DLL
0x00007ffc7a580000 - 0x00007ffc7a589000 	C:\WINDOWS\System32\NSI.dll
0x00007ffc721c0000 - 0x00007ffc721d9000 	C:\WINDOWS\SYSTEM32\dhcpcsvc6.DLL
0x00007ffc721a0000 - 0x00007ffc721bf000 	C:\WINDOWS\SYSTEM32\dhcpcsvc.DLL
0x00007ffc78510000 - 0x00007ffc78609000 	C:\WINDOWS\SYSTEM32\DNSAPI.dll
0x00007ffc50bd0000 - 0x00007ffc50be0000 	C:\Program Files\Java\jdk-19\bin\verify.dll
0x00007ffc6d500000 - 0x00007ffc6d50a000 	C:\Windows\System32\rasadhlp.dll
0x00007ffc709a0000 - 0x00007ffc70a23000 	C:\WINDOWS\System32\fwpuclnt.dll
0x00007ffc30150000 - 0x00007ffc30158000 	C:\WINDOWS\system32\wshunix.dll

dbghelp: loaded successfully - version: 4.0.5 - missing functions: none
symbol engine: initialized successfully - sym options: 0x614 - pdb path: .;C:\Program Files\Java\jdk-19\bin;C:\WINDOWS\SYSTEM32;C:\WINDOWS\WinSxS\amd64_microsoft.windows.common-controls_6595b64144ccf1df_6.0.22621.3235_none_270f74e173860f98;C:\Program Files\Java\jdk-19\bin\server;C:\Program Files\JetBrains\IntelliJ IDEA Community Edition 2023.3.4\bin

VM Arguments:
jvm_args: -javaagent:C:\Program Files\JetBrains\IntelliJ IDEA Community Edition 2023.3.4\lib\idea_rt.jar=53300:C:\Program Files\JetBrains\IntelliJ IDEA Community Edition 2023.3.4\bin -Dfile.encoding=UTF-8 -Dsun.stdout.encoding=UTF-8 -Dsun.stderr.encoding=UTF-8 
java_command: com.foodorder.FoodOrderApplication
java_class_path (initial): E:\FoodOrder\target\classes;C:\Users\nguye\.m2\repository\org\springframework\boot\spring-boot-starter-data-jpa\3.2.4\spring-boot-starter-data-jpa-3.2.4.jar;C:\Users\nguye\.m2\repository\org\springframework\boot\spring-boot-starter-aop\3.2.4\spring-boot-starter-aop-3.2.4.jar;C:\Users\nguye\.m2\repository\org\aspectj\aspectjweaver\1.9.21\aspectjweaver-1.9.21.jar;C:\Users\nguye\.m2\repository\org\springframework\boot\spring-boot-starter-jdbc\3.2.4\spring-boot-starter-jdbc-3.2.4.jar;C:\Users\nguye\.m2\repository\com\zaxxer\HikariCP\5.0.1\HikariCP-5.0.1.jar;C:\Users\nguye\.m2\repository\org\springframework\spring-jdbc\6.1.5\spring-jdbc-6.1.5.jar;C:\Users\nguye\.m2\repository\org\springframework\data\spring-data-jpa\3.2.4\spring-data-jpa-3.2.4.jar;C:\Users\nguye\.m2\repository\org\springframework\data\spring-data-commons\3.2.4\spring-data-commons-3.2.4.jar;C:\Users\nguye\.m2\repository\org\springframework\spring-orm\6.1.5\spring-orm-6.1.5.jar;C:\Users\nguye\.m2\repository\org\springframework\spring-context\6.1.5\spring-context-6.1.5.jar;C:\Users\nguye\.m2\repository\org\springframework\spring-tx\6.1.5\spring-tx-6.1.5.jar;C:\Users\nguye\.m2\repository\org\springframework\spring-beans\6.1.5\spring-beans-6.1.5.jar;C:\Users\nguye\.m2\repository\jakarta\annotation\jakarta.annotation-api\2.1.1\jakarta.annotation-api-2.1.1.jar;C:\Users\nguye\.m2\repository\org\slf4j\slf4j-api\2.0.12\slf4j-api-2.0.12.jar;C:\Users\nguye\.m2\repository\org\springframework\spring-aspects\6.1.5\spring-aspects-6.1.5.jar;C:\Users\nguye\.m2\repository\org\springframework\boot\spring-boot-starter-security\3.2.4\spring-boot-starter-security-3.2.4.jar;C:\Users\nguye\.m2\repository\org\springframework\boot\spring-boot-starter\3.2.4\spring-boot-starter-3.2.4.jar;C:\Users\nguye\.m2\repository\org\springframework\boot\spring-boot-starter-logging\3.2.4\spring-boot-starter-logging-3.2.4.jar;C:\Users\nguye\.m2\repository\ch\qos\logback\logback-classic\1.4.14\logback-classic-1.4.14.jar;C:\Users\nguye\.m2\repository\ch\qos\logback\logback-core\1.4.14\logback-core-1.4.14.jar;C:\Users\nguye\.m2\repository\org\apache\logging\log4j\log4j-to-slf4j\2.21.1\log4j-to-slf4j-2.21.1.jar;C:\Users\nguye\.m2\repository\org\apache\logging\log4j\log4j-api\2.21.1\log4j-api-2.21.1.jar;C:\Users\nguye\.m2\repository\org\slf4j\jul-to-slf4j\2.0.12\jul-to-slf4j-2.0.12.jar;C:\Users\nguye\.m2\repository\org\yaml\snakeyaml\2.2\snakeyaml-2.2.jar;C:\Users\nguye\.m2\repository\org\springframework\spring-aop\6.1.5\spring-aop-6.1.5.jar;C:\Users\nguye\.m2\repository\org\springframework\security\spring-security-config\6.2.3\spring-security-config-6.2.3.jar;C:\Users\nguye\.m2\repository\org\springframework\security\spring-security-web\6.2.3\spring-security-web-6.2.3.jar;C:\Users\nguye\.m2\repository\org\springframework\spring-expression\6.1.5\spring-expression-6.1.5.jar;C:\Users\nguye\.m2\repository\org\springframework\boot\spring-boot-starter-web\3.2.4\spring-boot-starter-web-3.2.4.jar;C:\Users\nguye\.m2\repository\org\springframework\boot\spring-boot-starter-json\3.2.4\spring-boot-starter-json-3.2.4.jar;C:\Users\nguye\.m2\repository\com\fasterxml\jackson\datatype\jackson-datatype-jdk8\2.15.4\jackson-datatype-jdk8-2.15.4.jar;C:\Users\nguye\.m2\repository\com\fasterxml\jackson\datatype\jackson-datatype-jsr310\2.15.4\jackson-datatype-jsr310-2.15.4.jar;C:\Users\nguye\.m2\repository\com\fasterxml\jackson\module\jackson-module-parameter-names\2.15.4\jackson-module-parameter-names-2.15.4.jar;C:\Users\nguye\.m2\repository\org\springframework\boot\spring-boot-starter-tomcat\3.2.4\spring-boot-starter-tomcat-3.2.4.jar;C:\Users\nguye\.m2\repository\org\apache\tomcat\embed\tomcat-embed-core\10.1.19\tomcat-embed-core-10.1.19.jar;C:\Users\nguye\.m2\repository\org\apache\tomcat\embed\tomcat-embed-el\10.1.19\tomcat-embed-el-10.1.19.jar;C:\Users\nguye\.m2\repository\org\apache\tomcat\embed\tomcat-embed-websocket\10.1.19\tomcat-embed-websocket-10.1.19.jar;C:\Users\nguye\.m2\repository\org\springframework\spring-web\6.1.5\spring-web-6.1.5.jar;C:\Users\nguye\.m2\repository\io\micrometer\micrometer-observation\1.12.4\micrometer-observation-1.12.4.jar;C:\Users\nguye\.m2\repository\io\micrometer\micrometer-commons\1.12.4\micrometer-commons-1.12.4.jar;C:\Users\nguye\.m2\repository\org\springframework\spring-webmvc\6.1.5\spring-webmvc-6.1.5.jar;C:\Users\nguye\.m2\repository\org\springframework\boot\spring-boot-devtools\3.2.4\spring-boot-devtools-3.2.4.jar;C:\Users\nguye\.m2\repository\org\springframework\boot\spring-boot\3.2.4\spring-boot-3.2.4.jar;C:\Users\nguye\.m2\repository\org\springframework\boot\spring-boot-autoconfigure\3.2.4\spring-boot-autoconfigure-3.2.4.jar;C:\Users\nguye\.m2\repository\com\mysql\mysql-connector-j\8.3.0\mysql-connector-j-8.3.0.jar;C:\Users\nguye\.m2\repository\org\projectlombok\lombok\1.18.30\lombok-1.18.30.jar;C:\Users\nguye\.m2\repository\jakarta\xml\bind\jakarta.xml.bind-api\4.0.2\jakarta.xml.bind-api-4.0.2.jar;C:\Users\nguye\.m2\repository\jakarta\activation\jakarta.activation-api\2.1.3\jakarta.activation-api-2.1.3.jar;C:\Users\nguye\.m2\repository\org\springframework\spring-core\6.1.5\spring-core-6.1.5.jar;C:\Users\nguye\.m2\repository\org\springframework\spring-jcl\6.1.5\spring-jcl-6.1.5.jar;C:\Users\nguye\.m2\repository\org\springframework\security\spring-security-core\6.2.3\spring-security-core-6.2.3.jar;C:\Users\nguye\.m2\repository\org\springframework\security\spring-security-crypto\6.2.3\spring-security-crypto-6.2.3.jar;C:\Users\nguye\.m2\repository\io\jsonwebtoken\jjwt-api\0.11.5\jjwt-api-0.11.5.jar;C:\Users\nguye\.m2\repository\io\jsonwebtoken\jjwt-impl\0.11.2\jjwt-impl-0.11.2.jar;C:\Users\nguye\.m2\repository\io\jsonwebtoken\jjwt-jackson\0.11.2\jjwt-jackson-0.11.2.jar;C:\Users\nguye\.m2\repository\com\fasterxml\jackson\core\jackson-databind\2.15.4\jackson-databind-2.15.4.jar;C:\Users\nguye\.m2\repository\com\fasterxml\jackson\core\jackson-annotations\2.15.4\jackson-annotations-2.15.4.jar;C:\Users\nguye\.m2\repository\com\fasterxml\jackson\core\jackson-core\2.15.4\jackson-core-2.15.4.jar;C:\Users\nguye\.m2\repository\org\hibernate\orm\hibernate-core\6.4.2.Final\hibernate-core-6.4.2.Final.jar;C:\Users\nguye\.m2\repository\jakarta\persistence\jakarta.persistence-api\3.1.0\jakarta.persistence-api-3.1.0.jar;C:\Users\nguye\.m2\repository\jakarta\transaction\jakarta.transaction-api\2.0.1\jakarta.transaction-api-2.0.1.jar;C:\Users\nguye\.m2\repository\org\jboss\logging\jboss-logging\3.5.3.Final\jboss-logging-3.5.3.Final.jar;C:\Users\nguye\.m2\repository\org\hibernate\common\hibernate-commons-annotations\6.0.6.Final\hibernate-commons-annotations-6.0.6.Final.jar;C:\Users\nguye\.m2\repository\io\smallrye\jandex\3.1.2\jandex-3.1.2.jar;C:\Users\nguye\.m2\repository\com\fasterxml\classmate\1.6.0\classmate-1.6.0.jar;C:\Users\nguye\.m2\repository\net\bytebuddy\byte-buddy\1.14.12\byte-buddy-1.14.12.jar;C:\Users\nguye\.m2\repository\org\glassfish\jaxb\jaxb-runtime\4.0.5\jaxb-runtime-4.0.5.jar;C:\Users\nguye\.m2\repository\org\glassfish\jaxb\jaxb-core\4.0.5\jaxb-core-4.0.5.jar;C:\Users\nguye\.m2\repository\org\eclipse\angus\angus-activation\2.0.2\angus-activation-2.0.2.jar;C:\Users\nguye\.m2\repository\org\glassfish\jaxb\txw2\4.0.5\txw2-4.0.5.jar;C:\Users\nguye\.m2\repository\com\sun\istack\istack-commons-runtime\4.1.2\istack-commons-runtime-4.1.2.jar;C:\Users\nguye\.m2\repository\jakarta\inject\jakarta.inject-api\2.0.1\jakarta.inject-api-2.0.1.jar;C:\Users\nguye\.m2\repository\org\antlr\antlr4-runtime\4.13.0\antlr4-runtime-4.13.0.jar;C:\Users\nguye\.m2\repository\com\stripe\stripe-java\20.62.0\stripe-java-20.62.0.jar;C:\Users\nguye\.m2\repository\com\google\code\gson\gson\2.10.1\gson-2.10.1.jar
Launcher Type: SUN_STANDARD

[Global flags]
     intx CICompilerCount                          = 12                                        {product} {ergonomic}
     uint ConcGCThreads                            = 3                                         {product} {ergonomic}
     uint G1ConcRefinementThreads                  = 13                                        {product} {ergonomic}
   size_t G1HeapRegionSize                         = 1048576                                   {product} {ergonomic}
    uintx GCDrainStackTargetSize                   = 64                                        {product} {ergonomic}
   size_t InitialHeapSize                          = 132120576                                 {product} {ergonomic}
   size_t MarkStackSize                            = 4194304                                   {product} {ergonomic}
   size_t MaxHeapSize                              = 2086666240                                {product} {ergonomic}
   size_t MaxNewSize                               = 1251999744                                {product} {ergonomic}
   size_t MinHeapDeltaBytes                        = 1048576                                   {product} {ergonomic}
   size_t MinHeapSize                              = 8388608                                   {product} {ergonomic}
    uintx NonNMethodCodeHeapSize                   = 7602480                                {pd product} {ergonomic}
    uintx NonProfiledCodeHeapSize                  = 122027880                              {pd product} {ergonomic}
    uintx ProfiledCodeHeapSize                     = 122027880                              {pd product} {ergonomic}
    uintx ReservedCodeCacheSize                    = 251658240                              {pd product} {ergonomic}
     bool SegmentedCodeCache                       = true                                      {product} {ergonomic}
   size_t SoftMaxHeapSize                          = 2086666240                             {manageable} {ergonomic}
     bool UseCompressedClassPointers               = true                           {product lp64_product} {ergonomic}
     bool UseCompressedOops                        = true                           {product lp64_product} {ergonomic}
     bool UseG1GC                                  = true                                      {product} {ergonomic}
     bool UseLargePagesIndividualAllocation        = false                                  {pd product} {ergonomic}

Logging:
Log output configuration:
 #0: stdout all=warning uptime,level,tags foldmultilines=false
 #1: stderr all=off uptime,level,tags foldmultilines=false

Environment Variables:
JAVA_HOME=C:\Java\
PATH=C:\Program Files\Microsoft\jdk-11.0.16.101-hotspot\bin;C:\Java\bin;C:\Program Files\Common Files\Oracle\Java\javapath;C:\Windows\system32;C:\Windows;C:\Windows\System32\Wbem;C:\Windows\System32\WindowsPowerShell\v1.0\;C:\Windows\System32\OpenSSH\;C:\Program Files (x86)\NVIDIA Corporation\PhysX\Common;C:\Program Files\NVIDIA Corporation\NVIDIA NvDLISR;C:\Program Files\Microsoft SQL Server\Client SDK\ODBC\130\Tools\Binn\;C:\Program Files (x86)\Microsoft SQL Server\130\Tools\Binn\;C:\Program Files\Microsoft SQL Server\130\Tools\Binn\;C:\Program Files\Microsoft SQL Server\130\DTS\Binn\;C:\Program Files (x86)\Microsoft SQL Server\150\DTS\Binn\;C:\Program Files\Azure Data Studio\bin;C:\Program Files\Microsoft SQL Server\150\Tools\Binn\;C:\Program Files\Microsoft SQL Server\Client SDK\ODBC\170\Tools\Binn\;C:\WINDOWS\system32;C:\WINDOWS;C:\WINDOWS\System32\Wbem;C:\WINDOWS\System32\WindowsPowerShell\v1.0\;C:\WINDOWS\System32\OpenSSH\;C:\Program Files\dotnet\;C:\Users\nguye\AppData\Local\Programs\Python\Python310\Scripts;C:\Program Files\nodejs\;C:\Program Files\MySQL\MySQL Server 8.0\bin;C:\Program Files\Java\jdk-19;C:\Program Files\Git\cmd;C:\Program Files\MySQL\MySQL Shell 8.0\bin\;C:\Users\nguye\Anaconda3;C:\Users\nguye\Anaconda3\Library\mingw-w64\bin;C:\Users\nguye\Anaconda3\Library\usr\bin;C:\Users\nguye\Anaconda3\Library\bin;C:\Users\nguye\Anaconda3\Scripts;C:\Users\nguye\AppData\Local\Microsoft\WindowsApps;C:\Users\nguye\AppData\Local\Programs\Microsoft VS Code\bin;C:\Program Files\Azure Data Studio\bin;C:\Program Files\Java\jdk-19\bin;C:\Users\nguye\.dotnet\tools;C:\Users\nguye\AppData\Roaming\npm;C:\Users\nguye\AppData\Local\GitHubDesktop\bin;C:\Program Files\JetBrains\IntelliJ IDEA Community Edition 2023.3.4\bin;
USERNAME=nguye
OS=Windows_NT
PROCESSOR_IDENTIFIER=Intel64 Family 6 Model 141 Stepping 1, GenuineIntel
TMP=C:\Users\nguye\AppData\Local\Temp
TEMP=C:\Users\nguye\AppData\Local\Temp



---------------  S Y S T E M  ---------------

OS:
 Windows 11 , 64 bit Build 22621 (10.0.22621.3374)
OS uptime: 0 days 0:11 hours
Hyper-V role detected

CPU: total 16 (initial active 16) (8 cores per cpu, 2 threads per core) family 6 model 141 stepping 1 microcode 0x3c, cx8, cmov, fxsr, ht, mmx, 3dnowpref, sse, sse2, sse3, ssse3, sse4.1, sse4.2, popcnt, lzcnt, tsc, tscinvbit, avx, avx2, aes, erms, clmul, bmi1, bmi2, adx, avx512f, avx512dq, avx512cd, avx512bw, avx512vl, sha, fma, vzeroupper, avx512_vpopcntdq, avx512_vpclmulqdq, avx512_vaes, avx512_vnni, clflush, clflushopt, clwb, avx512_vbmi2, avx512_vbmi, hv, rdtscp, rdpid, fsrm, gfni, avx512_bitalg

Memory: 4k page, system-wide physical 7955M (239M free)
TotalPageFile size 32531M (AvailPageFile size 0M)
current process WorkingSet (physical memory assigned to process): 226M, peak: 357M
current process commit charge ("private bytes"): 405M, peak: 417M

vm_info: Java HotSpot(TM) 64-Bit Server VM (19.0.1+10-21) for windows-amd64 JRE (19.0.1+10-21), built on 2022-09-14T12:45:06Z by "mach5one" with MS VC++ 17.1 (VS2022)

END.
